<?xml version="1.0" encoding="UTF-8"?>
<testsuite xmlns:xsi="http://www.w3.org/2001/XMLSchema-instance" xsi:noNamespaceSchemaLocation="https://maven.apache.org/surefire/maven-surefire-plugin/xsd/surefire-test-report.xsd" version="3.0.2" name="WAWRO.PRE_KONSULTACJE.PreKonsultacjeApplicationTests" time="12.28" tests="1" errors="0" skipped="0" failures="0">
  <properties>
[...]
</properties>
  <testcase name="contextLoads" classname="WAWRO.PRE_KONSULTACJE.PreKonsultacjeApplicationTests" time="0.534">
    <system-out><![CDATA[00:07:45.610 [main] INFO org.springframework.test.context.support.AnnotationConfigContextLoaderUtils -- Could not detect default configuration classes for test class [WAWRO.PRE_KONSULTACJE.PreKonsultacjeApplicationTests]: PreKonsultacjeApplicationTests does not declare any static, non-private, non-final, nested classes annotated with @Configuration.
00:07:45.784 [main] INFO org.springframework.boot.test.context.SpringBootTestContextBootstrapper -- Found @SpringBootConfiguration WAWRO.PRE_KONSULTACJE.PreKonsultacjeApplication for test class WAWRO.PRE_KONSULTACJE.PreKonsultacjeApplicationTests
00:07:46.084 [main] INFO org.springframework.boot.devtools.restart.RestartApplicationListener -- Restart disabled due to context in which it is running

  .   ____          _            __ _ _
 /\\ / ___'_ __ _ _(_)_ __  __ _ \ \ \ \
( ( )\___ | '_ | '_| | '_ \/ _` | \ \ \ \
 \\/  ___)| |_)| | | | | || (_| |  ) ) ) )
  '  |____| .__|_| |_|_| |_\__, | / / / /
 =========|_|==============|___/=/_/_/_/

 :: Spring Boot ::                (v4.0.0)

2025-12-07T00:07:46.881+01:00  INFO 8976 --- [           main] W.P.PreKonsultacjeApplicationTests       : Starting PreKonsultacjeApplicationTests using Java 21.0.5 with PID 8976 (started by Admin in C:\Users\Admin\Desktop\pre-konsultacje\backend)
2025-12-07T00:07:46.882+01:00  INFO 8976 --- [           main] W.P.PreKonsultacjeApplicationTests       : No active profile set, falling back to 1 default profile: "default"
2025-12-07T00:07:49.325+01:00  INFO 8976 --- [           main] .s.d.r.c.RepositoryConfigurationDelegate : Bootstrapping Spring Data JPA repositories in DEFAULT mode.
2025-12-07T00:07:49.572+01:00  INFO 8976 --- [           main] .s.d.r.c.RepositoryConfigurationDelegate : Finished Spring Data repository scanning in 205 ms. Found 3 JPA repository interfaces.
2025-12-07T00:07:50.697+01:00  INFO 8976 --- [           main] o.hibernate.jpa.internal.util.LogHelper  : HHH000204: Processing PersistenceUnitInfo [name: default]
2025-12-07T00:07:50.876+01:00  INFO 8976 --- [           main] org.hibernate.Version                    : HHH000412: Hibernate ORM core version 7.1.8.Final
2025-12-07T00:07:51.804+01:00  INFO 8976 --- [           main] o.s.o.j.p.SpringPersistenceUnitInfo      : No LoadTimeWeaver setup: ignoring JPA class transformer
2025-12-07T00:07:51.844+01:00  INFO 8976 --- [           main] com.zaxxer.hikari.HikariDataSource       : HikariPool-1 - Starting...
2025-12-07T00:07:52.126+01:00  INFO 8976 --- [           main] com.zaxxer.hikari.pool.HikariPool        : HikariPool-1 - Added connection org.postgresql.jdbc.PgConnection@1e36baca
2025-12-07T00:07:52.127+01:00  INFO 8976 --- [           main] com.zaxxer.hikari.HikariDataSource       : HikariPool-1 - Start completed.
2025-12-07T00:07:52.165+01:00  WARN 8976 --- [           main] org.hibernate.orm.deprecation            : HHH90000025: PostgreSQLDialect does not need to be specified explicitly using 'hibernate.dialect' (remove the property setting and it will be selected by default)
2025-12-07T00:07:52.206+01:00  INFO 8976 --- [           main] org.hibernate.orm.connections.pooling    : HHH10001005: Database info:
	Database JDBC URL [jdbc:postgresql://localhost:5432/preconsultations_db]
	Database driver: PostgreSQL JDBC Driver
	Database dialect: PostgreSQLDialect
	Database version: 16.9
	Default catalog/schema: preconsultations_db/public
	Autocommit mode: undefined/unknown
	Isolation level: READ_COMMITTED [default READ_COMMITTED]
	JDBC fetch size: none
	Pool: DatasourceConnectionProviderImpl
	Minimum pool size: undefined/unknown
	Maximum pool size: undefined/unknown
2025-12-07T00:07:53.912+01:00  INFO 8976 --- [           main] o.h.e.t.j.p.i.JtaPlatformInitiator       : HHH000489: No JTA platform available (set 'hibernate.transaction.jta.platform' to enable JTA platform integration)
Hibernate: 
    set client_min_messages = WARNING
Hibernate: 
    alter table if exists comments 
       drop constraint if exists FKn2na60ukhs76ibtpt9burkm27
Hibernate: 
    alter table if exists comments 
       drop constraint if exists FK46f6c7ghdtb8w9su2jjissdi
Hibernate: 
    alter table if exists preconsultations 
       drop constraint if exists FKakpjxte5n9c0n6ym47gpo2y8f
Hibernate: 
    drop table if exists comments cascade
Hibernate: 
    drop table if exists preconsultations cascade
Hibernate: 
    drop table if exists users cascade
Hibernate: 
    create table comments (
        blocked boolean not null,
        author_id bigint not null,
        date_created timestamp(6),
        id bigint generated by default as identity,
        pre_consultation_id bigint not null,
        approves bigint array,
        content oid,
        primary key (id)
    )
Hibernate: 
    create table preconsultations (
        active boolean not null,
        author_id bigint,
        date_created timestamp(6),
        id bigint generated by default as identity,
        description varchar(255),
        subject varchar(255),
        primary key (id)
    )
Hibernate: 
    create table users (
        enabled boolean not null,
        date_created timestamp(6),
        id bigint generated by default as identity,
        email varchar(255),
        first_name varchar(255),
        identity_number varchar(255),
        last_name varchar(255),
        role varchar(255) check ((role in ('IDENTIFIED_USER','ANALOG_USER','MODERATOR','ADMIN'))),
        primary key (id)
    )
Hibernate: 
    alter table if exists comments 
       add constraint FKn2na60ukhs76ibtpt9burkm27 
       foreign key (author_id) 
       references users
Hibernate: 
    alter table if exists comments 
       add constraint FK46f6c7ghdtb8w9su2jjissdi 
       foreign key (pre_consultation_id) 
       references preconsultations
Hibernate: 
    alter table if exists preconsultations 
       add constraint FKakpjxte5n9c0n6ym47gpo2y8f 
       foreign key (author_id) 
       references users
2025-12-07T00:07:54.182+01:00  INFO 8976 --- [           main] j.LocalContainerEntityManagerFactoryBean : Initialized JPA EntityManagerFactory for persistence unit 'default'
2025-12-07T00:07:54.400+01:00  INFO 8976 --- [           main] o.s.d.j.r.query.QueryEnhancerFactories   : Hibernate is in classpath; If applicable, HQL parser will be used.
2025-12-07T00:07:55.468+01:00  WARN 8976 --- [           main] JpaBaseConfiguration$JpaWebConfiguration : spring.jpa.open-in-view is enabled by default. Therefore, database queries may be performed during view rendering. Explicitly configure spring.jpa.open-in-view to disable this warning
2025-12-07T00:07:56.571+01:00 DEBUG 8976 --- [           main] o.s.jdbc.datasource.init.ScriptUtils     : Executing SQL script from file [C:\Users\Admin\Desktop\pre-konsultacje\backend\target\classes\data.sql]
2025-12-07T00:07:56.580+01:00 DEBUG 8976 --- [           main] o.s.jdbc.datasource.init.ScriptUtils     : 1 returned as update count for SQL: INSERT INTO users ( first_name, last_name, email, identity_number, role, enabled, date_created ) VALUES ( 'Jan', 'Kowalski', 'testowy@test.pl', 'INIT12345678', 'ADMIN', TRUE, CURRENT_TIMESTAMP )
2025-12-07T00:07:56.582+01:00 DEBUG 8976 --- [           main] o.s.jdbc.datasource.init.ScriptUtils     : Executed SQL script from file [C:\Users\Admin\Desktop\pre-konsultacje\backend\target\classes\data.sql] in 9 ms.
2025-12-07T00:07:56.785+01:00  INFO 8976 --- [           main] W.P.PreKonsultacjeApplicationTests       : Started PreKonsultacjeApplicationTests in 10.725 seconds (process running for 13.02)
]]></system-out>
    <system-err><![CDATA[Mockito is currently self-attaching to enable the inline-mock-maker. This will no longer work in future releases of the JDK. Please add Mockito as an agent to your build as described in Mockito's documentation: https://javadoc.io/doc/org.mockito/mockito-core/latest/org.mockito/org/mockito/Mockito.html#0.3
WARNING: A Java agent has been loaded dynamically (C:\Users\Admin\.m2\repository\net\bytebuddy\byte-buddy-agent\1.17.8\byte-buddy-agent-1.17.8.jar)
WARNING: If a serviceability tool is in use, please run with -XX:+EnableDynamicAgentLoading to hide this warning
WARNING: If a serviceability tool is not in use, please run with -Djdk.instrument.traceUsage for more information
WARNING: Dynamic loading of agents will be disallowed by default in a future release
]]></system-err>
  </testcase>
</testsuite>